<?xml version="1.0" encoding="UTF-8"?>
<!-- Generated by org.testng.reporters.JUnitXMLReporter -->
<testsuite ignored="3" hostname="DESKTOP-G8O6OG0" failures="0" tests="1" name="Execute Single Test" time="13.846" errors="0" timestamp="2025-12-16T08:23:05 IST">
  <testcase classname="com.TestNGDemos.D05GoogleAssignment" name="clickOnAbout" time="5.662"/>
  <testcase classname="com.TestNGDemos.D05GoogleAssignment" name="clickOnGmail" time="0.0">
    <ignored/>
  </testcase> <!-- clickOnGmail -->
  <testcase classname="com.TestNGDemos.D05GoogleAssignment" name="clickOnImages" time="0.0">
    <ignored/>
  </testcase> <!-- clickOnImages -->
  <testcase classname="com.TestNGDemos.D05GoogleAssignment" name="clickOnAdvt" time="0.0">
    <ignored/>
  </testcase> <!-- clickOnAdvt -->
</testsuite> <!-- Execute Single Test -->
