<?xml version="1.0" encoding="UTF-8"?>
<!-- Generated by org.testng.reporters.JUnitXMLReporter -->
<testsuite ignored="0" hostname="DESKTOP-G8O6OG0" failures="3" tests="3" name="Default test(failed)" time="21.23" errors="0" timestamp="2026-01-14T08:23:12 IST">
  <testcase classname="com.TestNGDemos.D07AssertionDemo" name="loginToOHRM" time="6.047">
    <failure type="java.lang.AssertionError" message="Invalid credentials expected [true] but found [false]">
      <![CDATA[java.lang.AssertionError: Invalid credentials expected [true] but found [false]
at com.TestNGDemos.D07AssertionDemo.loginToOHRM(D07AssertionDemo.java:31)
at java.base/java.util.ArrayList.forEach(ArrayList.java:1511)
... Removed 30 stack frames]]>
    </failure>
  </testcase> <!-- loginToOHRM -->
  <testcase classname="com.TestNGDemos.D07AssertionDemo" name="loginToOHRM" time="1.842">
    <failure type="java.lang.AssertionError" message="Invalid credentials expected [true] but found [false]">
      <![CDATA[java.lang.AssertionError: Invalid credentials expected [true] but found [false]
at com.TestNGDemos.D07AssertionDemo.loginToOHRM(D07AssertionDemo.java:31)
at java.base/java.util.ArrayList.forEach(ArrayList.java:1511)
... Removed 30 stack frames]]>
    </failure>
  </testcase> <!-- loginToOHRM -->
  <testcase classname="com.TestNGDemos.D07AssertionDemo" name="loginToOHRM" time="1.927">
    <failure type="java.lang.AssertionError" message="Invalid credentials expected [true] but found [false]">
      <![CDATA[java.lang.AssertionError: Invalid credentials expected [true] but found [false]
at com.TestNGDemos.D07AssertionDemo.loginToOHRM(D07AssertionDemo.java:31)
at java.base/java.util.ArrayList.forEach(ArrayList.java:1511)
... Removed 30 stack frames]]>
    </failure>
  </testcase> <!-- loginToOHRM -->
</testsuite> <!-- Default test(failed) -->
