<?xml version="1.0" encoding="UTF-8"?>
<!-- Generated by org.testng.reporters.JUnitXMLReporter -->
<testsuite ignored="0" hostname="DESKTOP-G8O6OG0" failures="1" tests="2" name="Online Shopping Applications" time="13.706" errors="0" timestamp="2025-12-19T07:39:32 IST">
  <testcase classname="com.TestNGDemos.D08ParameterizationLoginToPracticeTest" name="loginToPraticeTest" time="2.556"/>
  <testcase classname="com.TestNGDemos.D08ParameterizationLoginToPracticeTest" name="loginToPraticeTest2" time="0.641">
    <failure type="graphql.AssertException" message="condition expected to be true">
      <![CDATA[graphql.AssertException: condition expected to be true
at graphql.Assert.throwAssert(Assert.java:207)
at graphql.Assert.assertTrue(Assert.java:114)
at com.TestNGDemos.D08ParameterizationLoginToPracticeTest.loginToPraticeTest2(D08ParameterizationLoginToPracticeTest.java:34)
at java.base/java.util.ArrayList.forEach(ArrayList.java:1511)
... Removed 27 stack frames]]>
    </failure>
  </testcase> <!-- loginToPraticeTest2 -->
</testsuite> <!-- Online Shopping Applications -->
