<?xml version="1.0" encoding="UTF-8"?>
<!-- Generated by org.testng.reporters.JUnitXMLReporter -->
<testsuite ignored="0" hostname="DESKTOP-G8O6OG0" failures="0" tests="4" name="Online Shopping Applications" time="75.737" errors="0" timestamp="2025-12-18T07:55:46 IST">
  <testcase classname="com.TestNGDemos.D02TestOnlineShoppingApps" name="testMyntra" time="14.014"/>
  <testcase classname="com.TestNGDemos.D02TestOnlineShoppingApps" name="testAjio" time="32.027"/>
  <testcase classname="com.TestNGDemos.D02TestOnlineShoppingApps" name="testNykaa" time="54.089"/>
  <testcase classname="com.TestNGDemos.D02TestOnlineShoppingApps" name="testBigBasket" time="29.554"/>
</testsuite> <!-- Online Shopping Applications -->
