<?xml version="1.0" encoding="UTF-8"?>
<testng-results ignored="0" total="8" passed="8" failed="0" skipped="0">
  <reporter-output>
  </reporter-output>
  <suite started-at="2026-01-05T08:50:29 IST" name="Default suite" finished-at="2026-01-05T08:50:32 IST" duration-ms="2097">
    <groups>
    </groups>
    <test started-at="2026-01-05T08:50:29 IST" name="Default test" finished-at="2026-01-05T08:50:32 IST" duration-ms="2097">
      <class name="com.MyTests.D04DataProviderDemo">
        <test-method signature="myTest(java.lang.String,java.lang.String,java.lang.String,java.lang.String)[pri:0, instance:com.MyTests.D04DataProviderDemo@34a3d150]" started-at="2026-01-05T08:50:31 IST" name="myTest" data-provider="getData" finished-at="2026-01-05T08:50:31 IST" duration-ms="14" status="PASS">
          <params>
            <param index="0">
              <value>
                <![CDATA[User Name]]>
              </value>
            </param>
            <param index="1">
              <value>
                <![CDATA[Password]]>
              </value>
            </param>
            <param index="2">
              <value>
                <![CDATA[Result]]>
              </value>
            </param>
            <param index="3">
              <value>
                <![CDATA[Message]]>
              </value>
            </param>
          </params>
          <reporter-output>
          </reporter-output>
        </test-method> <!-- myTest -->
        <test-method signature="myTest(java.lang.String,java.lang.String,java.lang.String,java.lang.String)[pri:0, instance:com.MyTests.D04DataProviderDemo@34a3d150]" started-at="2026-01-05T08:50:31 IST" name="myTest" data-provider="getData" finished-at="2026-01-05T08:50:31 IST" duration-ms="5" status="PASS">
          <params>
            <param index="0">
              <value>
                <![CDATA[admin]]>
              </value>
            </param>
            <param index="1">
              <value>
                <![CDATA[admin123]]>
              </value>
            </param>
            <param index="2">
              <value>
                <![CDATA[Not Run]]>
              </value>
            </param>
            <param index="3">
              <value>
                <![CDATA[NULL]]>
              </value>
            </param>
          </params>
          <reporter-output>
          </reporter-output>
        </test-method> <!-- myTest -->
        <test-method signature="myTest(java.lang.String,java.lang.String,java.lang.String,java.lang.String)[pri:0, instance:com.MyTests.D04DataProviderDemo@34a3d150]" started-at="2026-01-05T08:50:31 IST" name="myTest" data-provider="getData" finished-at="2026-01-05T08:50:31 IST" duration-ms="10" status="PASS">
          <params>
            <param index="0">
              <value>
                <![CDATA[shashikant]]>
              </value>
            </param>
            <param index="1">
              <value>
                <![CDATA[shahi123]]>
              </value>
            </param>
            <param index="2">
              <value>
                <![CDATA[Not Run]]>
              </value>
            </param>
            <param index="3">
              <value>
                <![CDATA[NULL]]>
              </value>
            </param>
          </params>
          <reporter-output>
          </reporter-output>
        </test-method> <!-- myTest -->
        <test-method signature="myTest(java.lang.String,java.lang.String,java.lang.String,java.lang.String)[pri:0, instance:com.MyTests.D04DataProviderDemo@34a3d150]" started-at="2026-01-05T08:50:31 IST" name="myTest" data-provider="getData" finished-at="2026-01-05T08:50:31 IST" duration-ms="9" status="PASS">
          <params>
            <param index="0">
              <value>
                <![CDATA[neha]]>
              </value>
            </param>
            <param index="1">
              <value>
                <![CDATA[neha123]]>
              </value>
            </param>
            <param index="2">
              <value>
                <![CDATA[Not Run]]>
              </value>
            </param>
            <param index="3">
              <value>
                <![CDATA[NULL]]>
              </value>
            </param>
          </params>
          <reporter-output>
          </reporter-output>
        </test-method> <!-- myTest -->
        <test-method signature="myTest(java.lang.String,java.lang.String,java.lang.String,java.lang.String)[pri:0, instance:com.MyTests.D04DataProviderDemo@34a3d150]" started-at="2026-01-05T08:50:31 IST" name="myTest" data-provider="getData" finished-at="2026-01-05T08:50:31 IST" duration-ms="4" status="PASS">
          <params>
            <param index="0">
              <value>
                <![CDATA[admin]]>
              </value>
            </param>
            <param index="1">
              <value>
                <![CDATA[admin123]]>
              </value>
            </param>
            <param index="2">
              <value>
                <![CDATA[Not Run]]>
              </value>
            </param>
            <param index="3">
              <value>
                <![CDATA[NULL]]>
              </value>
            </param>
          </params>
          <reporter-output>
          </reporter-output>
        </test-method> <!-- myTest -->
        <test-method signature="myTest(java.lang.String,java.lang.String,java.lang.String,java.lang.String)[pri:0, instance:com.MyTests.D04DataProviderDemo@34a3d150]" started-at="2026-01-05T08:50:31 IST" name="myTest" data-provider="getData" finished-at="2026-01-05T08:50:31 IST" duration-ms="9" status="PASS">
          <params>
            <param index="0">
              <value>
                <![CDATA[varsha]]>
              </value>
            </param>
            <param index="1">
              <value>
                <![CDATA[varsha123]]>
              </value>
            </param>
            <param index="2">
              <value>
                <![CDATA[Not Run]]>
              </value>
            </param>
            <param index="3">
              <value>
                <![CDATA[NULL]]>
              </value>
            </param>
          </params>
          <reporter-output>
          </reporter-output>
        </test-method> <!-- myTest -->
        <test-method signature="myTest(java.lang.String,java.lang.String,java.lang.String,java.lang.String)[pri:0, instance:com.MyTests.D04DataProviderDemo@34a3d150]" started-at="2026-01-05T08:50:31 IST" name="myTest" data-provider="getData" finished-at="2026-01-05T08:50:31 IST" duration-ms="2" status="PASS">
          <params>
            <param index="0">
              <value>
                <![CDATA[admin]]>
              </value>
            </param>
            <param index="1">
              <value>
                <![CDATA[admin123]]>
              </value>
            </param>
            <param index="2">
              <value>
                <![CDATA[Not Run]]>
              </value>
            </param>
            <param index="3">
              <value>
                <![CDATA[NULL]]>
              </value>
            </param>
          </params>
          <reporter-output>
          </reporter-output>
        </test-method> <!-- myTest -->
        <test-method signature="myTest(java.lang.String,java.lang.String,java.lang.String,java.lang.String)[pri:0, instance:com.MyTests.D04DataProviderDemo@34a3d150]" started-at="2026-01-05T08:50:32 IST" name="myTest" data-provider="getData" finished-at="2026-01-05T08:50:32 IST" duration-ms="4" status="PASS">
          <params>
            <param index="0">
              <value>
                <![CDATA[bhagya]]>
              </value>
            </param>
            <param index="1">
              <value>
                <![CDATA[bhagya123]]>
              </value>
            </param>
            <param index="2">
              <value>
                <![CDATA[Not Run]]>
              </value>
            </param>
            <param index="3">
              <value>
                <![CDATA[NULL]]>
              </value>
            </param>
          </params>
          <reporter-output>
          </reporter-output>
        </test-method> <!-- myTest -->
      </class> <!-- com.MyTests.D04DataProviderDemo -->
    </test> <!-- Default test -->
  </suite> <!-- Default suite -->
</testng-results>
