<?xml version="1.0" encoding="UTF-8"?>
<!-- Generated by org.testng.reporters.JUnitXMLReporter -->
<testsuite ignored="0" hostname="DESKTOP-G8O6OG0" failures="0" tests="7" name="Default test" time="25.785" errors="0" timestamp="2025-12-31T07:57:56 IST">
  <testcase classname="com.TestNGDemos.D15LoginToOHRM_DDF" name="login" time="2.201"/>
  <testcase classname="com.TestNGDemos.D15LoginToOHRM_DDF" name="login" time="1.419"/>
  <testcase classname="com.TestNGDemos.D15LoginToOHRM_DDF" name="login" time="0.98"/>
  <testcase classname="com.TestNGDemos.D15LoginToOHRM_DDF" name="login" time="1.333"/>
  <testcase classname="com.TestNGDemos.D15LoginToOHRM_DDF" name="login" time="1.399"/>
  <testcase classname="com.TestNGDemos.D15LoginToOHRM_DDF" name="login" time="0.967"/>
  <testcase classname="com.TestNGDemos.D15LoginToOHRM_DDF" name="login" time="0.939"/>
</testsuite> <!-- Default test -->
