<?xml version="1.0" encoding="UTF-8"?>
<!-- Generated by org.testng.reporters.JUnitXMLReporter -->
<testsuite ignored="0" hostname="DESKTOP-G8O6OG0" failures="0" tests="8" name="Default test" time="2.097" errors="0" timestamp="2026-01-05T08:50:32 IST">
  <testcase classname="com.MyTests.D04DataProviderDemo" name="myTest" time="0.014"/>
  <testcase classname="com.MyTests.D04DataProviderDemo" name="myTest" time="0.005"/>
  <testcase classname="com.MyTests.D04DataProviderDemo" name="myTest" time="0.01"/>
  <testcase classname="com.MyTests.D04DataProviderDemo" name="myTest" time="0.009"/>
  <testcase classname="com.MyTests.D04DataProviderDemo" name="myTest" time="0.004"/>
  <testcase classname="com.MyTests.D04DataProviderDemo" name="myTest" time="0.009"/>
  <testcase classname="com.MyTests.D04DataProviderDemo" name="myTest" time="0.002"/>
  <testcase classname="com.MyTests.D04DataProviderDemo" name="myTest" time="0.004"/>
</testsuite> <!-- Default test -->
