<?xml version="1.0" encoding="UTF-8"?>
<!-- Generated by org.testng.reporters.JUnitReportReporter -->
<testsuite hostname="DESKTOP-G8O6OG0" failures="0" tests="5" name="com.MyTests.D09InvocationCount" time="0.057" errors="0" timestamp="2026-01-14T08:15:53 IST" skipped="0">
  <testcase classname="com.MyTests.D09InvocationCount" name="myTest" time="0.003"/>
  <testcase classname="com.MyTests.D09InvocationCount" name="myTest" time="0.020"/>
  <testcase classname="com.MyTests.D09InvocationCount" name="myTest" time="0.008"/>
  <testcase classname="com.MyTests.D09InvocationCount" name="myTest" time="0.003"/>
  <testcase classname="com.MyTests.D09InvocationCount" name="myTest" time="0.023"/>
</testsuite> <!-- com.MyTests.D09InvocationCount -->
