<?xml version="1.0" encoding="UTF-8"?>
<!-- Generated by org.testng.reporters.JUnitXMLReporter -->
<testsuite ignored="0" hostname="DESKTOP-G8O6OG0" failures="3" tests="9" name="Execute Class" time="62.115" errors="0" timestamp="2025-12-17T08:02:48 IST">
  <testcase classname="com.TestNGDemos.D05GoogleAssignment" name="clickOnGmail" time="4.666"/>
  <testcase classname="com.TestNGDemos.D05GoogleAssignment" name="clickOnImages" time="2.936"/>
  <testcase classname="com.TestNGDemos.D05GoogleAssignment" name="clickOnAdvt" time="6.665"/>
  <testcase classname="com.TestNGDemos.D05GoogleAssignment" name="clickOnAbout" time="10.506"/>
  <testcase classname="com.TestNGDemos.D07AssertionDemo" name="loginToOHRM" time="1.725"/>
  <testcase classname="com.TestNGDemos.D07AssertionDemo" name="loginToOHRM" time="1.318">
    <failure type="java.lang.AssertionError" message="Invalid credentials expected [true] but found [false]">
      <![CDATA[java.lang.AssertionError: Invalid credentials expected [true] but found [false]
at com.TestNGDemos.D07AssertionDemo.loginToOHRM(D07AssertionDemo.java:31)
at java.base/java.util.ArrayList.forEach(ArrayList.java:1511)
... Removed 30 stack frames]]>
    </failure>
  </testcase> <!-- loginToOHRM -->
  <testcase classname="com.TestNGDemos.D07AssertionDemo" name="loginToOHRM" time="1.648"/>
  <testcase classname="com.TestNGDemos.D07AssertionDemo" name="loginToOHRM" time="1.667">
    <failure type="java.lang.AssertionError" message="Invalid credentials expected [true] but found [false]">
      <![CDATA[java.lang.AssertionError: Invalid credentials expected [true] but found [false]
at com.TestNGDemos.D07AssertionDemo.loginToOHRM(D07AssertionDemo.java:31)
at java.base/java.util.ArrayList.forEach(ArrayList.java:1511)
... Removed 30 stack frames]]>
    </failure>
  </testcase> <!-- loginToOHRM -->
  <testcase classname="com.TestNGDemos.D07AssertionDemo" name="loginToOHRM" time="1.318">
    <failure type="java.lang.AssertionError" message="Invalid credentials expected [true] but found [false]">
      <![CDATA[java.lang.AssertionError: Invalid credentials expected [true] but found [false]
at com.TestNGDemos.D07AssertionDemo.loginToOHRM(D07AssertionDemo.java:31)
at java.base/java.util.ArrayList.forEach(ArrayList.java:1511)
... Removed 30 stack frames]]>
    </failure>
  </testcase> <!-- loginToOHRM -->
</testsuite> <!-- Execute Class -->
