<?xml version="1.0" encoding="UTF-8"?>
<testng-results ignored="0" total="4" passed="4" failed="0" skipped="0">
  <reporter-output>
  </reporter-output>
  <suite started-at="2025-12-18T07:54:31 IST" name="Parallel Execution" finished-at="2025-12-18T07:55:46 IST" duration-ms="75737">
    <groups>
    </groups>
    <test started-at="2025-12-18T07:54:31 IST" name="Online Shopping Applications" finished-at="2025-12-18T07:55:46 IST" duration-ms="75737">
      <class name="com.TestNGDemos.D02TestOnlineShoppingApps">
        <test-method signature="testNykaa()[pri:1, instance:com.TestNGDemos.D02TestOnlineShoppingApps@351d00c0]" started-at="2025-12-18T07:54:31 IST" name="testNykaa" finished-at="2025-12-18T07:55:25 IST" duration-ms="54089" status="PASS">
          <reporter-output>
          </reporter-output>
        </test-method> <!-- testNykaa -->
        <test-method signature="testMyntra()[pri:2, instance:com.TestNGDemos.D02TestOnlineShoppingApps@351d00c0]" started-at="2025-12-18T07:54:31 IST" name="testMyntra" finished-at="2025-12-18T07:54:45 IST" duration-ms="14014" status="PASS">
          <reporter-output>
          </reporter-output>
        </test-method> <!-- testMyntra -->
        <test-method signature="testAjio()[pri:3, instance:com.TestNGDemos.D02TestOnlineShoppingApps@351d00c0]" started-at="2025-12-18T07:54:45 IST" name="testAjio" finished-at="2025-12-18T07:55:17 IST" duration-ms="32027" status="PASS">
          <reporter-output>
          </reporter-output>
        </test-method> <!-- testAjio -->
        <test-method signature="testBigBasket()[pri:4, instance:com.TestNGDemos.D02TestOnlineShoppingApps@351d00c0]" started-at="2025-12-18T07:55:17 IST" name="testBigBasket" finished-at="2025-12-18T07:55:46 IST" duration-ms="29554" status="PASS">
          <reporter-output>
          </reporter-output>
        </test-method> <!-- testBigBasket -->
      </class> <!-- com.TestNGDemos.D02TestOnlineShoppingApps -->
    </test> <!-- Online Shopping Applications -->
  </suite> <!-- Parallel Execution -->
</testng-results>
