<?xml version="1.0" encoding="UTF-8"?>
<!-- Generated by org.testng.reporters.JUnitReportReporter -->
<testsuite hostname="DESKTOP-G8O6OG0" failures="0" tests="7" name="com.TestNGDemos.D15LoginToOHRM_DDF" time="15.542" errors="0" timestamp="2025-12-31T07:57:56 IST" skipped="0">
  <testcase classname="com.TestNGDemos.D15LoginToOHRM_DDF" name="login" time="1.329"/>
  <testcase classname="com.TestNGDemos.D15LoginToOHRM_DDF" name="login" time="1.742"/>
  <testcase classname="com.TestNGDemos.D15LoginToOHRM_DDF" name="login" time="1.841"/>
  <testcase classname="com.TestNGDemos.D15LoginToOHRM_DDF" name="login" time="3.918"/>
  <testcase classname="com.TestNGDemos.D15LoginToOHRM_DDF" name="login" time="1.338"/>
  <testcase classname="com.TestNGDemos.D15LoginToOHRM_DDF" name="login" time="1.372"/>
  <testcase classname="com.TestNGDemos.D15LoginToOHRM_DDF" name="login" time="4.002"/>
</testsuite> <!-- com.TestNGDemos.D15LoginToOHRM_DDF -->
