<?xml version="1.0" encoding="UTF-8"?>
<!-- Generated by org.testng.reporters.JUnitReportReporter -->
<testsuite hostname="DESKTOP-G8O6OG0" failures="0" tests="5" name="com.TestNGDemos.D13CreateLoginData" time="0.063" errors="0" timestamp="2025-12-30T07:23:53 IST" skipped="0">
  <testcase classname="com.TestNGDemos.D13CreateLoginData" name="writeToExcel" time="0.014"/>
  <testcase classname="com.TestNGDemos.D13CreateLoginData" name="writeToExcel" time="0.012"/>
  <testcase classname="com.TestNGDemos.D13CreateLoginData" name="writeToExcel" time="0.017"/>
  <testcase classname="com.TestNGDemos.D13CreateLoginData" name="writeToExcel" time="0.013"/>
  <testcase classname="com.TestNGDemos.D13CreateLoginData" name="writeToExcel" time="0.007"/>
</testsuite> <!-- com.TestNGDemos.D13CreateLoginData -->
