<?xml version="1.0" encoding="UTF-8"?>
<!-- Generated by org.testng.reporters.JUnitReportReporter -->
<testsuite hostname="DESKTOP-G8O6OG0" failures="0" tests="5" name="com.TestNGDemos.D06DataProviderDemo" time="13.004" errors="0" timestamp="2025-12-15T08:18:56 IST" skipped="0">
  <testcase classname="com.TestNGDemos.D06DataProviderDemo" name="loginToOHRM" time="2.946"/>
  <testcase classname="com.TestNGDemos.D06DataProviderDemo" name="loginToOHRM" time="5.264"/>
  <testcase classname="com.TestNGDemos.D06DataProviderDemo" name="loginToOHRM" time="1.470"/>
  <testcase classname="com.TestNGDemos.D06DataProviderDemo" name="loginToOHRM" time="1.956"/>
  <testcase classname="com.TestNGDemos.D06DataProviderDemo" name="loginToOHRM" time="1.368"/>
</testsuite> <!-- com.TestNGDemos.D06DataProviderDemo -->
