<?xml version="1.0" encoding="UTF-8"?>
<!-- Generated by org.testng.reporters.JUnitReportReporter -->
<testsuite hostname="DESKTOP-G8O6OG0" failures="0" tests="4" name="com.TestNGDemos.D05AjioAssignment" time="121.165" errors="0" timestamp="2025-12-15T07:30:08 IST" skipped="0">
  <testcase classname="com.TestNGDemos.D05AjioAssignment" name="clickOnMenLink" time="57.649"/>
  <testcase classname="com.TestNGDemos.D05AjioAssignment" name="clickOnWomenLink" time="31.706"/>
  <testcase classname="com.TestNGDemos.D05AjioAssignment" name="clickOnKidsLink" time="24.092"/>
  <testcase classname="com.TestNGDemos.D05AjioAssignment" name="clickOnBeautyLink" time="7.718"/>
</testsuite> <!-- com.TestNGDemos.D05AjioAssignment -->
