<?xml version="1.0" encoding="UTF-8"?>
<!-- Generated by org.testng.reporters.JUnitReportReporter -->
<testsuite hostname="DESKTOP-G8O6OG0" failures="0" tests="4" name="com.TestNGDemos.D02TestOnlineShoppingApps" time="129.684" errors="0" timestamp="2025-12-18T07:55:47 IST" skipped="0">
  <testcase classname="com.TestNGDemos.D02TestOnlineShoppingApps" name="testNykaa" time="54.089"/>
  <testcase classname="com.TestNGDemos.D02TestOnlineShoppingApps" name="testMyntra" time="14.014"/>
  <testcase classname="com.TestNGDemos.D02TestOnlineShoppingApps" name="testAjio" time="32.027"/>
  <testcase classname="com.TestNGDemos.D02TestOnlineShoppingApps" name="testBigBasket" time="29.554"/>
</testsuite> <!-- com.TestNGDemos.D02TestOnlineShoppingApps -->
