<?xml version="1.0" encoding="UTF-8"?>
<!-- Generated by org.testng.reporters.JUnitReportReporter -->
<testsuite hostname="DESKTOP-G8O6OG0" failures="0" tests="2" name="com.TestNGDemos.D14ReadFromExcel" time="0.024" errors="0" timestamp="2025-12-30T07:49:36 IST" skipped="1">
  <testcase classname="com.TestNGDemos.D14ReadFromExcel" name="readAllData" time="0.024"/>
  <testcase classname="com.TestNGDemos.D14ReadFromExcel" name="readData">
    <skipped/>
  </testcase> <!-- readData -->
</testsuite> <!-- com.TestNGDemos.D14ReadFromExcel -->
