<?xml version="1.0" encoding="UTF-8"?>
<!-- Generated by org.testng.reporters.JUnitReportReporter -->
<testsuite hostname="DESKTOP-G8O6OG0" failures="0" tests="4" name="com.TestNGDemos.D02TestOnlineShoppingApps" time="42.391" errors="0" timestamp="2025-12-12T08:48:36 IST" skipped="0">
  <testcase classname="com.TestNGDemos.D02TestOnlineShoppingApps" name="testNykaa" time="10.322"/>
  <testcase classname="com.TestNGDemos.D02TestOnlineShoppingApps" name="testMyntra" time="6.382"/>
  <testcase classname="com.TestNGDemos.D02TestOnlineShoppingApps" name="testAjio" time="16.864"/>
  <testcase classname="com.TestNGDemos.D02TestOnlineShoppingApps" name="testBigBasket" time="8.823"/>
</testsuite> <!-- com.TestNGDemos.D02TestOnlineShoppingApps -->
