<?xml version="1.0" encoding="UTF-8"?>
<!-- Generated by org.testng.reporters.JUnitReportReporter -->
<testsuite hostname="DESKTOP-G8O6OG0" failures="0" tests="5" name="com.TestNGDemos.D13CreateLoginData" time="0.058" errors="0" timestamp="2025-12-29T08:36:54 IST" skipped="0">
  <testcase classname="com.TestNGDemos.D13CreateLoginData" name="writeToExcel" time="0.012"/>
  <testcase classname="com.TestNGDemos.D13CreateLoginData" name="writeToExcel" time="0.007"/>
  <testcase classname="com.TestNGDemos.D13CreateLoginData" name="writeToExcel" time="0.013"/>
  <testcase classname="com.TestNGDemos.D13CreateLoginData" name="writeToExcel" time="0.011"/>
  <testcase classname="com.TestNGDemos.D13CreateLoginData" name="writeToExcel" time="0.015"/>
</testsuite> <!-- com.TestNGDemos.D13CreateLoginData -->
