<?xml version="1.0" encoding="UTF-8"?>
<!-- Generated by org.testng.reporters.JUnitReportReporter -->
<testsuite hostname="DESKTOP-G8O6OG0" failures="0" tests="4" name="com.TestNGDemos.D04Before_After_Method" time="25.085" errors="0" timestamp="2025-12-13T08:35:15 IST" skipped="0">
  <testcase classname="com.TestNGDemos.D04Before_After_Method" name="testNykaa" time="5.635"/>
  <testcase classname="com.TestNGDemos.D04Before_After_Method" name="testMyntra" time="1.378"/>
  <testcase classname="com.TestNGDemos.D04Before_After_Method" name="testAjio" time="10.024"/>
  <testcase classname="com.TestNGDemos.D04Before_After_Method" name="testBigBasket" time="8.048"/>
</testsuite> <!-- com.TestNGDemos.D04Before_After_Method -->
