<?xml version="1.0" encoding="UTF-8"?>
<!-- Generated by org.testng.reporters.JUnitReportReporter -->
<testsuite hostname="DESKTOP-G8O6OG0" failures="0" tests="4" name="com.TestNGDemos.D03Before_After_Test" time="17.835" errors="0" timestamp="2025-12-13T07:47:47 IST" skipped="0">
  <testcase classname="com.TestNGDemos.D03Before_After_Test" name="testNykaa" time="6.034"/>
  <testcase classname="com.TestNGDemos.D03Before_After_Test" name="testMyntra" time="4.210"/>
  <testcase classname="com.TestNGDemos.D03Before_After_Test" name="testAjio" time="0.724"/>
  <testcase classname="com.TestNGDemos.D03Before_After_Test" name="testBigBasket" time="6.867"/>
</testsuite> <!-- com.TestNGDemos.D03Before_After_Test -->
